<?xml version="1.0" encoding="UTF-8"?>
<testsuite name="Books search" tests="1" skipped="0" failures="0" errors="0" timestamp="2024-06-16T20:56:01" hostname="VNOL0036" time="14.136">
  <properties/>
  <testcase name="Search for book" classname="Books search" time="14.136"/>
  <system-out><![CDATA[
Scenario Outline: Search for book                                                                                                          ?[90m# src/test/resources/features/openLibrary.feature:13?[0m
  ?[32mGiven ?[0m?[32mUser goes to the OpenLibrary page ?[0m?[32m?[1m"https://openlibrary.org/"?[0m                                                                       ?[90m# openLibrary.StepsDefinition.userGoesToTheOpenLibraryPage(java.lang.String)?[0m
  ?[32mAnd ?[0m?[32mUser sets website in ?[0m?[32m?[1m"English"?[0m                                                                                                       ?[90m# openLibrary.StepsDefinition.userSetsWebsiteIn(java.lang.String)?[0m
  ?[32mWhen ?[0m?[32mUser searches using Title option for book ?[0m?[32m?[1m"Clean Code: A Comprehensive Beginner's Guide to Learn the Realms of Clean Code from A-Z"?[0m ?[90m# openLibrary.StepsDefinition.userSearchesUsingTitleOptionForBook(java.lang.String)?[0m
  ?[32mAnd ?[0m?[32mUser chooses book published in ?[0m?[32m?[1m"2020"?[0m                                                                                                ?[90m# openLibrary.StepsDefinition.userChoosesBookPublishedIn(java.lang.String)?[0m
  ?[32mAnd ?[0m?[32mGet author from API for book ?[0m?[32m?[1m"Clean Code: A Comprehensive Beginner's Guide to Learn the Realms of Clean Code from A-Z"?[0m               ?[90m# openLibrary.StepsDefinition.getAuthorFromAPIForBook(java.lang.String)?[0m
  ?[32mThen ?[0m?[32mAuthor from API matches author on book page?[0m                                                                                         ?[90m# openLibrary.StepsDefinition.authorFromAPIMatchesAuthorOnBookPage()?[0m
]]></system-out>
  <system-err><![CDATA[Jun 16, 2024 11:56:03 PM org.openqa.selenium.devtools.CdpVersionFinder findNearestMatch
WARNING: Unable to find CDP implementation matching 126
Jun 16, 2024 11:56:03 PM org.openqa.selenium.chromium.ChromiumDriver lambda$new$5
WARNING: Unable to find version of CDP to use for 126.0.6478.61. You may need to include a dependency on a specific version of the CDP using something similar to `org.seleniumhq.selenium:selenium-devtools-v86:4.17.0` where the version ("v86") matches the version of the chromium-based browser you're using and the version number of the artifact is the same as Selenium's.
SLF4J: No SLF4J providers were found.
SLF4J: Defaulting to no-operation (NOP) logger implementation
SLF4J: See https://www.slf4j.org/codes.html#noProviders for further details.
]]></system-err>
</testsuite>
